c:\users\aethi\source\repos\snake3d\snake3d\x64\debug\vc143.pdb
c:\users\aethi\source\repos\snake3d\snake3d\x64\debug\vc143.idb
c:\users\aethi\source\repos\snake3d\snake3d\x64\debug\vbo.obj
c:\users\aethi\source\repos\snake3d\snake3d\x64\debug\variables.obj
c:\users\aethi\source\repos\snake3d\snake3d\x64\debug\vao.obj
c:\users\aethi\source\repos\snake3d\snake3d\x64\debug\texture.obj
c:\users\aethi\source\repos\snake3d\snake3d\x64\debug\stb.obj
c:\users\aethi\source\repos\snake3d\snake3d\x64\debug\shaderclass.obj
c:\users\aethi\source\repos\snake3d\snake3d\x64\debug\main.obj
c:\users\aethi\source\repos\snake3d\snake3d\x64\debug\ebo.obj
c:\users\aethi\source\repos\snake3d\snake3d\x64\debug\camera.obj
c:\users\aethi\source\repos\snake3d\snake3d\x64\debug\glad.obj
c:\users\aethi\source\repos\snake3d\snake3d\x64\debug\snake3d.ilk
c:\users\aethi\source\repos\snake3d\x64\debug\snake3d.pdb
c:\users\aethi\source\repos\snake3d\x64\debug\snake3d.exe
c:\users\aethi\source\repos\snake3d\snake3d\x64\debug\snake3d.tlog\cl.command.1.tlog
c:\users\aethi\source\repos\snake3d\snake3d\x64\debug\snake3d.tlog\cl.items.tlog
c:\users\aethi\source\repos\snake3d\snake3d\x64\debug\snake3d.tlog\cl.read.1.tlog
c:\users\aethi\source\repos\snake3d\snake3d\x64\debug\snake3d.tlog\cl.write.1.tlog
c:\users\aethi\source\repos\snake3d\snake3d\x64\debug\snake3d.tlog\link.command.1.tlog
c:\users\aethi\source\repos\snake3d\snake3d\x64\debug\snake3d.tlog\link.read.1.tlog
c:\users\aethi\source\repos\snake3d\snake3d\x64\debug\snake3d.tlog\link.secondary.1.tlog
c:\users\aethi\source\repos\snake3d\snake3d\x64\debug\snake3d.tlog\link.write.1.tlog
